[0214/172146.541:ERROR:process_reader_win.cc(123)] NtOpenThread: {Отказано в доступе} Процесс запросил доступ к объекту, но права на доступ не предоставлены. (0xc0000022)
[0214/172146.817:ERROR:exception_snapshot_win.cc(88)] thread ID 1580 not found in process
[0214/172146.817:WARNING:crash_report_exception_handler.cc(62)] ProcessSnapshotWin::Initialize failed
[0214/172455.193:ERROR:process_reader_win.cc(123)] NtOpenThread: {Отказано в доступе} Процесс запросил доступ к объекту, но права на доступ не предоставлены. (0xc0000022)
[0214/172455.281:ERROR:exception_snapshot_win.cc(88)] thread ID 10464 not found in process
[0214/172455.281:WARNING:crash_report_exception_handler.cc(62)] ProcessSnapshotWin::Initialize failed
[0214/175153.350:ERROR:process_reader_win.cc(123)] NtOpenThread: {Отказано в доступе} Процесс запросил доступ к объекту, но права на доступ не предоставлены. (0xc0000022)
[0214/175153.433:ERROR:exception_snapshot_win.cc(88)] thread ID 9380 not found in process
[0214/175153.433:WARNING:crash_report_exception_handler.cc(62)] ProcessSnapshotWin::Initialize failed
[0214/180126.753:ERROR:process_reader_win.cc(123)] NtOpenThread: {Отказано в доступе} Процесс запросил доступ к объекту, но права на доступ не предоставлены. (0xc0000022)
[0214/180126.933:ERROR:exception_snapshot_win.cc(88)] thread ID 9036 not found in process
[0214/180126.933:WARNING:crash_report_exception_handler.cc(62)] ProcessSnapshotWin::Initialize failed
[0214/180346.578:ERROR:process_reader_win.cc(151)] SuspendThread: Отказано в доступе. (0x5)
[0214/180346.591:ERROR:process_reader_win.cc(151)] SuspendThread: Отказано в доступе. (0x5)
[0214/180346.591:ERROR:process_reader_win.cc(123)] NtOpenThread: {Отказано в доступе} Процесс запросил доступ к объекту, но права на доступ не предоставлены. (0xc0000022)
[0214/180346.610:ERROR:exception_snapshot_win.cc(88)] thread ID 9600 not found in process
[0214/180346.610:WARNING:crash_report_exception_handler.cc(62)] ProcessSnapshotWin::Initialize failed
[0214/184643.212:ERROR:process_reader_win.cc(123)] NtOpenThread: {Отказано в доступе} Процесс запросил доступ к объекту, но права на доступ не предоставлены. (0xc0000022)
[0214/184643.303:ERROR:exception_snapshot_win.cc(88)] thread ID 5908 not found in process
[0214/184643.303:WARNING:crash_report_exception_handler.cc(62)] ProcessSnapshotWin::Initialize failed
[0214/224355.155:ERROR:process_reader_win.cc(123)] NtOpenThread: {Отказано в доступе} Процесс запросил доступ к объекту, но права на доступ не предоставлены. (0xc0000022)
[0214/224355.209:ERROR:exception_snapshot_win.cc(88)] thread ID 7660 not found in process
[0214/224355.209:WARNING:crash_report_exception_handler.cc(62)] ProcessSnapshotWin::Initialize failed
[0214/224358.138:ERROR:process_reader_win.cc(123)] NtOpenThread: {Отказано в доступе} Процесс запросил доступ к объекту, но права на доступ не предоставлены. (0xc0000022)
[0214/224358.162:ERROR:exception_snapshot_win.cc(88)] thread ID 11720 not found in process
[0214/224358.162:WARNING:crash_report_exception_handler.cc(62)] ProcessSnapshotWin::Initialize failed
[0214/225835.524:ERROR:process_reader_win.cc(123)] NtOpenThread: {Отказано в доступе} Процесс запросил доступ к объекту, но права на доступ не предоставлены. (0xc0000022)
[0214/225835.575:ERROR:exception_snapshot_win.cc(88)] thread ID 8608 not found in process
[0214/225835.575:WARNING:crash_report_exception_handler.cc(62)] ProcessSnapshotWin::Initialize failed
[0214/231105.716:ERROR:process_reader_win.cc(123)] NtOpenThread: {Отказано в доступе} Процесс запросил доступ к объекту, но права на доступ не предоставлены. (0xc0000022)
[0214/231105.770:ERROR:exception_snapshot_win.cc(88)] thread ID 6460 not found in process
[0214/231105.770:WARNING:crash_report_exception_handler.cc(62)] ProcessSnapshotWin::Initialize failed
[0214/231225.593:ERROR:process_reader_win.cc(123)] NtOpenThread: {Отказано в доступе} Процесс запросил доступ к объекту, но права на доступ не предоставлены. (0xc0000022)
[0214/231225.617:ERROR:exception_snapshot_win.cc(88)] thread ID 1184 not found in process
[0214/231225.617:WARNING:crash_report_exception_handler.cc(62)] ProcessSnapshotWin::Initialize failed
[0214/232026.560:ERROR:process_reader_win.cc(123)] NtOpenThread: {Отказано в доступе} Процесс запросил доступ к объекту, но права на доступ не предоставлены. (0xc0000022)
[0214/232026.654:ERROR:exception_snapshot_win.cc(88)] thread ID 8476 not found in process
[0214/232026.654:WARNING:crash_report_exception_handler.cc(62)] ProcessSnapshotWin::Initialize failed
[0214/232028.760:ERROR:process_reader_win.cc(151)] SuspendThread: Отказано в доступе. (0x5)
[0214/232028.782:ERROR:process_reader_win.cc(151)] SuspendThread: Отказано в доступе. (0x5)
[0214/232028.782:ERROR:process_reader_win.cc(151)] SuspendThread: Отказано в доступе. (0x5)
[0214/232028.782:ERROR:process_reader_win.cc(151)] SuspendThread: Отказано в доступе. (0x5)
[0214/232028.782:ERROR:process_reader_win.cc(151)] SuspendThread: Отказано в доступе. (0x5)
[0214/232028.782:ERROR:process_reader_win.cc(151)] SuspendThread: Отказано в доступе. (0x5)
[0214/232028.782:ERROR:process_reader_win.cc(151)] SuspendThread: Отказано в доступе. (0x5)
[0214/232028.782:ERROR:process_reader_win.cc(151)] SuspendThread: Отказано в доступе. (0x5)
[0214/232028.782:ERROR:process_reader_win.cc(151)] SuspendThread: Отказано в доступе. (0x5)
[0214/232028.782:ERROR:process_reader_win.cc(151)] SuspendThread: Отказано в доступе. (0x5)
[0214/232028.782:ERROR:process_reader_win.cc(151)] SuspendThread: Отказано в доступе. (0x5)
[0214/232028.782:ERROR:process_reader_win.cc(151)] SuspendThread: Отказано в доступе. (0x5)
[0214/232028.782:ERROR:process_reader_win.cc(151)] SuspendThread: Отказано в доступе. (0x5)
[0214/232028.782:ERROR:process_reader_win.cc(151)] SuspendThread: Отказано в доступе. (0x5)
[0214/232028.782:ERROR:process_reader_win.cc(123)] NtOpenThread: {Отказано в доступе} Процесс запросил доступ к объекту, но права на доступ не предоставлены. (0xc0000022)
[0214/232028.783:ERROR:exception_snapshot_win.cc(88)] thread ID 476 not found in process
[0214/232028.783:WARNING:crash_report_exception_handler.cc(62)] ProcessSnapshotWin::Initialize failed
[0214/233802.990:ERROR:process_reader_win.cc(123)] NtOpenThread: {Отказано в доступе} Процесс запросил доступ к объекту, но права на доступ не предоставлены. (0xc0000022)
[0214/233803.033:ERROR:exception_snapshot_win.cc(88)] thread ID 9252 not found in process
[0214/233803.033:WARNING:crash_report_exception_handler.cc(62)] ProcessSnapshotWin::Initialize failed
[0214/233818.479:ERROR:process_reader_win.cc(151)] SuspendThread: Отказано в доступе. (0x5)
[0214/233818.493:ERROR:process_reader_win.cc(123)] NtOpenThread: {Отказано в доступе} Процесс запросил доступ к объекту, но права на доступ не предоставлены. (0xc0000022)
[0214/233818.494:ERROR:exception_snapshot_win.cc(88)] thread ID 4352 not found in process
[0214/233818.494:WARNING:crash_report_exception_handler.cc(62)] ProcessSnapshotWin::Initialize failed
[0226/113149.798:ERROR:process_reader_win.cc(123)] NtOpenThread: {Отказано в доступе} Процесс запросил доступ к объекту, но права на доступ не предоставлены. (0xc0000022)
[0226/113149.892:ERROR:exception_snapshot_win.cc(88)] thread ID 4756 not found in process
[0226/113149.892:WARNING:crash_report_exception_handler.cc(62)] ProcessSnapshotWin::Initialize failed
[0226/114620.378:ERROR:process_reader_win.cc(123)] NtOpenThread: {Отказано в доступе} Процесс запросил доступ к объекту, но права на доступ не предоставлены. (0xc0000022)
[0226/114620.379:ERROR:exception_snapshot_win.cc(88)] thread ID 3200 not found in process
[0226/114620.379:WARNING:crash_report_exception_handler.cc(62)] ProcessSnapshotWin::Initialize failed
[0226/134126.992:ERROR:process_reader_win.cc(123)] NtOpenThread: {Отказано в доступе} Процесс запросил доступ к объекту, но права на доступ не предоставлены. (0xc0000022)
[0226/134126.992:ERROR:exception_snapshot_win.cc(88)] thread ID 8964 not found in process
[0226/134126.992:WARNING:crash_report_exception_handler.cc(62)] ProcessSnapshotWin::Initialize failed
[0226/140951.648:ERROR:process_reader_win.cc(151)] SuspendThread: Отказано в доступе. (0x5)
[0226/140951.649:ERROR:process_reader_win.cc(151)] SuspendThread: Отказано в доступе. (0x5)
[0226/140951.650:ERROR:process_reader_win.cc(151)] SuspendThread: Отказано в доступе. (0x5)
[0226/140951.650:ERROR:process_reader_win.cc(151)] SuspendThread: Отказано в доступе. (0x5)
[0226/140951.650:ERROR:process_reader_win.cc(151)] SuspendThread: Отказано в доступе. (0x5)
[0226/140951.650:ERROR:process_reader_win.cc(151)] SuspendThread: Отказано в доступе. (0x5)
[0226/140951.650:ERROR:process_reader_win.cc(123)] NtOpenThread: {Отказано в доступе} Процесс запросил доступ к объекту, но права на доступ не предоставлены. (0xc0000022)
[0226/140951.655:ERROR:exception_snapshot_win.cc(88)] thread ID 4224 not found in process
[0226/140951.655:WARNING:crash_report_exception_handler.cc(62)] ProcessSnapshotWin::Initialize failed
[0226/143306.932:ERROR:process_reader_win.cc(151)] SuspendThread: Отказано в доступе. (0x5)
[0226/143306.932:ERROR:process_reader_win.cc(151)] SuspendThread: Отказано в доступе. (0x5)
[0226/143306.933:ERROR:process_reader_win.cc(123)] NtOpenThread: {Отказано в доступе} Процесс запросил доступ к объекту, но права на доступ не предоставлены. (0xc0000022)
[0226/143306.933:ERROR:exception_snapshot_win.cc(88)] thread ID 1748 not found in process
[0226/143306.933:WARNING:crash_report_exception_handler.cc(62)] ProcessSnapshotWin::Initialize failed
[0301/090527.059:ERROR:process_reader_win.cc(123)] NtOpenThread: {Отказано в доступе} Процесс запросил доступ к объекту, но права на доступ не предоставлены. (0xc0000022)
[0301/090527.083:ERROR:exception_snapshot_win.cc(88)] thread ID 11200 not found in process
[0301/090527.083:WARNING:crash_report_exception_handler.cc(62)] ProcessSnapshotWin::Initialize failed
[0301/091443.509:ERROR:process_reader_win.cc(151)] SuspendThread: Отказано в доступе. (0x5)
[0301/091443.511:ERROR:process_reader_win.cc(151)] SuspendThread: Отказано в доступе. (0x5)
[0301/091443.511:ERROR:process_reader_win.cc(151)] SuspendThread: Отказано в доступе. (0x5)
[0301/091443.511:ERROR:process_reader_win.cc(151)] SuspendThread: Отказано в доступе. (0x5)
[0301/091443.511:ERROR:process_reader_win.cc(151)] SuspendThread: Отказано в доступе. (0x5)
[0301/091443.511:ERROR:process_reader_win.cc(151)] SuspendThread: Отказано в доступе. (0x5)
[0301/091443.511:ERROR:process_reader_win.cc(123)] NtOpenThread: {Отказано в доступе} Процесс запросил доступ к объекту, но права на доступ не предоставлены. (0xc0000022)
[0301/091443.511:ERROR:exception_snapshot_win.cc(88)] thread ID 10736 not found in process
[0301/091443.511:WARNING:crash_report_exception_handler.cc(62)] ProcessSnapshotWin::Initialize failed
[0301/105225.514:ERROR:process_reader_win.cc(123)] NtOpenThread: {Отказано в доступе} Процесс запросил доступ к объекту, но права на доступ не предоставлены. (0xc0000022)
[0301/105225.515:ERROR:exception_snapshot_win.cc(88)] thread ID 11372 not found in process
[0301/105225.515:WARNING:crash_report_exception_handler.cc(62)] ProcessSnapshotWin::Initialize failed
[0301/111452.464:ERROR:process_reader_win.cc(151)] SuspendThread: Отказано в доступе. (0x5)
[0301/111452.465:ERROR:process_reader_win.cc(151)] SuspendThread: Отказано в доступе. (0x5)
[0301/111452.465:ERROR:process_reader_win.cc(151)] SuspendThread: Отказано в доступе. (0x5)
[0301/111452.465:ERROR:process_reader_win.cc(151)] SuspendThread: Отказано в доступе. (0x5)
[0301/111452.466:ERROR:process_reader_win.cc(151)] SuspendThread: Отказано в доступе. (0x5)
[0301/111452.466:ERROR:process_reader_win.cc(151)] SuspendThread: Отказано в доступе. (0x5)
[0301/111452.466:ERROR:process_reader_win.cc(123)] NtOpenThread: {Отказано в доступе} Процесс запросил доступ к объекту, но права на доступ не предоставлены. (0xc0000022)
[0301/111452.466:ERROR:exception_snapshot_win.cc(88)] thread ID 11688 not found in process
[0301/111452.466:WARNING:crash_report_exception_handler.cc(62)] ProcessSnapshotWin::Initialize failed
[0301/112251.280:ERROR:process_reader_win.cc(151)] SuspendThread: Отказано в доступе. (0x5)
[0301/112251.282:ERROR:process_reader_win.cc(151)] SuspendThread: Отказано в доступе. (0x5)
[0301/112251.282:ERROR:process_reader_win.cc(123)] NtOpenThread: {Отказано в доступе} Процесс запросил доступ к объекту, но права на доступ не предоставлены. (0xc0000022)
[0301/112251.282:ERROR:exception_snapshot_win.cc(88)] thread ID 10828 not found in process
[0301/112251.282:WARNING:crash_report_exception_handler.cc(62)] ProcessSnapshotWin::Initialize failed
[0301/113108.453:ERROR:process_reader_win.cc(151)] SuspendThread: Отказано в доступе. (0x5)
[0301/113108.454:ERROR:process_reader_win.cc(151)] SuspendThread: Отказано в доступе. (0x5)
[0301/113108.454:ERROR:process_reader_win.cc(151)] SuspendThread: Отказано в доступе. (0x5)
[0301/113108.454:ERROR:process_reader_win.cc(151)] SuspendThread: Отказано в доступе. (0x5)
[0301/113108.454:ERROR:process_reader_win.cc(151)] SuspendThread: Отказано в доступе. (0x5)
[0301/113108.454:ERROR:process_reader_win.cc(151)] SuspendThread: Отказано в доступе. (0x5)
[0301/113108.454:ERROR:process_reader_win.cc(123)] NtOpenThread: {Отказано в доступе} Процесс запросил доступ к объекту, но права на доступ не предоставлены. (0xc0000022)
[0301/113108.455:ERROR:exception_snapshot_win.cc(88)] thread ID 10492 not found in process
[0301/113108.455:WARNING:crash_report_exception_handler.cc(62)] ProcessSnapshotWin::Initialize failed
[0301/113557.503:ERROR:process_reader_win.cc(123)] NtOpenThread: {Отказано в доступе} Процесс запросил доступ к объекту, но права на доступ не предоставлены. (0xc0000022)
[0301/113557.504:ERROR:exception_snapshot_win.cc(88)] thread ID 13704 not found in process
[0301/113557.504:WARNING:crash_report_exception_handler.cc(62)] ProcessSnapshotWin::Initialize failed
[0301/114945.536:ERROR:process_reader_win.cc(151)] SuspendThread: Отказано в доступе. (0x5)
[0301/114945.537:ERROR:process_reader_win.cc(151)] SuspendThread: Отказано в доступе. (0x5)
[0301/114945.538:ERROR:process_reader_win.cc(151)] SuspendThread: Отказано в доступе. (0x5)
[0301/114945.538:ERROR:process_reader_win.cc(123)] NtOpenThread: {Отказано в доступе} Процесс запросил доступ к объекту, но права на доступ не предоставлены. (0xc0000022)
[0301/114945.538:ERROR:exception_snapshot_win.cc(88)] thread ID 6216 not found in process
[0301/114945.538:WARNING:crash_report_exception_handler.cc(62)] ProcessSnapshotWin::Initialize failed
[0301/120901.446:ERROR:process_reader_win.cc(151)] SuspendThread: Отказано в доступе. (0x5)
[0301/120901.447:ERROR:process_reader_win.cc(151)] SuspendThread: Отказано в доступе. (0x5)
[0301/120901.448:ERROR:process_reader_win.cc(151)] SuspendThread: Отказано в доступе. (0x5)
[0301/120901.448:ERROR:process_reader_win.cc(151)] SuspendThread: Отказано в доступе. (0x5)
[0301/120901.448:ERROR:process_reader_win.cc(151)] SuspendThread: Отказано в доступе. (0x5)
[0301/120901.448:ERROR:process_reader_win.cc(151)] SuspendThread: Отказано в доступе. (0x5)
[0301/120901.448:ERROR:process_reader_win.cc(123)] NtOpenThread: {Отказано в доступе} Процесс запросил доступ к объекту, но права на доступ не предоставлены. (0xc0000022)
[0301/120901.448:ERROR:exception_snapshot_win.cc(88)] thread ID 14308 not found in process
[0301/120901.448:WARNING:crash_report_exception_handler.cc(62)] ProcessSnapshotWin::Initialize failed
[0301/121545.654:ERROR:process_reader_win.cc(123)] NtOpenThread: {Отказано в доступе} Процесс запросил доступ к объекту, но права на доступ не предоставлены. (0xc0000022)
[0301/121545.655:ERROR:exception_snapshot_win.cc(88)] thread ID 7004 not found in process
[0301/121545.655:WARNING:crash_report_exception_handler.cc(62)] ProcessSnapshotWin::Initialize failed
[0301/121633.837:ERROR:process_reader_win.cc(151)] SuspendThread: Отказано в доступе. (0x5)
[0301/121633.838:ERROR:process_reader_win.cc(151)] SuspendThread: Отказано в доступе. (0x5)
[0301/121633.838:ERROR:process_reader_win.cc(151)] SuspendThread: Отказано в доступе. (0x5)
[0301/121633.838:ERROR:process_reader_win.cc(151)] SuspendThread: Отказано в доступе. (0x5)
[0301/121633.838:ERROR:process_reader_win.cc(123)] NtOpenThread: {Отказано в доступе} Процесс запросил доступ к объекту, но права на доступ не предоставлены. (0xc0000022)
[0301/121633.839:ERROR:exception_snapshot_win.cc(88)] thread ID 960 not found in process
[0301/121633.839:WARNING:crash_report_exception_handler.cc(62)] ProcessSnapshotWin::Initialize failed
[0301/123813.362:ERROR:process_reader_win.cc(151)] SuspendThread: Отказано в доступе. (0x5)
[0301/123813.363:ERROR:process_reader_win.cc(151)] SuspendThread: Отказано в доступе. (0x5)
[0301/123813.363:ERROR:process_reader_win.cc(151)] SuspendThread: Отказано в доступе. (0x5)
[0301/123813.364:ERROR:process_reader_win.cc(123)] NtOpenThread: {Отказано в доступе} Процесс запросил доступ к объекту, но права на доступ не предоставлены. (0xc0000022)
[0301/123813.364:ERROR:exception_snapshot_win.cc(88)] thread ID 13884 not found in process
[0301/123813.364:WARNING:crash_report_exception_handler.cc(62)] ProcessSnapshotWin::Initialize failed
[0301/130411.075:ERROR:process_reader_win.cc(123)] NtOpenThread: {Отказано в доступе} Процесс запросил доступ к объекту, но права на доступ не предоставлены. (0xc0000022)
[0301/130411.076:ERROR:exception_snapshot_win.cc(88)] thread ID 13368 not found in process
[0301/130411.076:WARNING:crash_report_exception_handler.cc(62)] ProcessSnapshotWin::Initialize failed
[0301/130829.731:ERROR:process_reader_win.cc(151)] SuspendThread: Отказано в доступе. (0x5)
[0301/130829.732:ERROR:process_reader_win.cc(151)] SuspendThread: Отказано в доступе. (0x5)
[0301/130829.732:ERROR:process_reader_win.cc(151)] SuspendThread: Отказано в доступе. (0x5)
[0301/130829.732:ERROR:process_reader_win.cc(151)] SuspendThread: Отказано в доступе. (0x5)
[0301/130829.732:ERROR:process_reader_win.cc(151)] SuspendThread: Отказано в доступе. (0x5)
[0301/130829.732:ERROR:process_reader_win.cc(151)] SuspendThread: Отказано в доступе. (0x5)
[0301/130829.732:ERROR:process_reader_win.cc(151)] SuspendThread: Отказано в доступе. (0x5)
[0301/130829.733:ERROR:process_reader_win.cc(123)] NtOpenThread: {Отказано в доступе} Процесс запросил доступ к объекту, но права на доступ не предоставлены. (0xc0000022)
[0301/130829.733:ERROR:exception_snapshot_win.cc(88)] thread ID 12388 not found in process
[0301/130829.733:WARNING:crash_report_exception_handler.cc(62)] ProcessSnapshotWin::Initialize failed
[0301/132037.358:ERROR:process_reader_win.cc(123)] NtOpenThread: {Отказано в доступе} Процесс запросил доступ к объекту, но права на доступ не предоставлены. (0xc0000022)
[0301/132037.359:ERROR:exception_snapshot_win.cc(88)] thread ID 12828 not found in process
[0301/132037.359:WARNING:crash_report_exception_handler.cc(62)] ProcessSnapshotWin::Initialize failed
[0301/152751.098:ERROR:process_reader_win.cc(123)] NtOpenThread: {Отказано в доступе} Процесс запросил доступ к объекту, но права на доступ не предоставлены. (0xc0000022)
[0301/152751.099:ERROR:exception_snapshot_win.cc(88)] thread ID 9780 not found in process
[0301/152751.099:WARNING:crash_report_exception_handler.cc(62)] ProcessSnapshotWin::Initialize failed
[0301/154041.790:ERROR:process_reader_win.cc(123)] NtOpenThread: {Отказано в доступе} Процесс запросил доступ к объекту, но права на доступ не предоставлены. (0xc0000022)
[0301/154041.791:ERROR:exception_snapshot_win.cc(88)] thread ID 12616 not found in process
[0301/154041.791:WARNING:crash_report_exception_handler.cc(62)] ProcessSnapshotWin::Initialize failed
[0301/154145.171:ERROR:process_reader_win.cc(123)] NtOpenThread: {Отказано в доступе} Процесс запросил доступ к объекту, но права на доступ не предоставлены. (0xc0000022)
[0301/154145.172:ERROR:exception_snapshot_win.cc(88)] thread ID 7956 not found in process
[0301/154145.172:WARNING:crash_report_exception_handler.cc(62)] ProcessSnapshotWin::Initialize failed
[0301/161050.229:ERROR:process_reader_win.cc(123)] NtOpenThread: {Отказано в доступе} Процесс запросил доступ к объекту, но права на доступ не предоставлены. (0xc0000022)
[0301/161050.230:ERROR:exception_snapshot_win.cc(88)] thread ID 14152 not found in process
[0301/161050.231:WARNING:crash_report_exception_handler.cc(62)] ProcessSnapshotWin::Initialize failed
[0301/163540.871:ERROR:process_reader_win.cc(151)] SuspendThread: Отказано в доступе. (0x5)
[0301/163540.872:ERROR:process_reader_win.cc(151)] SuspendThread: Отказано в доступе. (0x5)
[0301/163540.872:ERROR:process_reader_win.cc(151)] SuspendThread: Отказано в доступе. (0x5)
[0301/163540.873:ERROR:process_reader_win.cc(151)] SuspendThread: Отказано в доступе. (0x5)
[0301/163540.873:ERROR:process_reader_win.cc(151)] SuspendThread: Отказано в доступе. (0x5)
[0301/163540.873:ERROR:process_reader_win.cc(123)] NtOpenThread: {Отказано в доступе} Процесс запросил доступ к объекту, но права на доступ не предоставлены. (0xc0000022)
[0301/163540.873:ERROR:exception_snapshot_win.cc(88)] thread ID 12752 not found in process
[0301/163540.873:WARNING:crash_report_exception_handler.cc(62)] ProcessSnapshotWin::Initialize failed
[0301/165953.700:ERROR:process_reader_win.cc(151)] SuspendThread: Отказано в доступе. (0x5)
[0301/165953.701:ERROR:process_reader_win.cc(151)] SuspendThread: Отказано в доступе. (0x5)
[0301/165953.701:ERROR:process_reader_win.cc(151)] SuspendThread: Отказано в доступе. (0x5)
[0301/165953.701:ERROR:process_reader_win.cc(151)] SuspendThread: Отказано в доступе. (0x5)
[0301/165953.701:ERROR:process_reader_win.cc(151)] SuspendThread: Отказано в доступе. (0x5)
[0301/165953.701:ERROR:process_reader_win.cc(151)] SuspendThread: Отказано в доступе. (0x5)
[0301/165953.701:ERROR:process_reader_win.cc(123)] NtOpenThread: {Отказано в доступе} Процесс запросил доступ к объекту, но права на доступ не предоставлены. (0xc0000022)
[0301/165953.702:ERROR:exception_snapshot_win.cc(88)] thread ID 13516 not found in process
[0301/165953.702:WARNING:crash_report_exception_handler.cc(62)] ProcessSnapshotWin::Initialize failed
[0301/183339.183:ERROR:process_reader_win.cc(151)] SuspendThread: Отказано в доступе. (0x5)
[0301/183339.235:ERROR:process_reader_win.cc(151)] SuspendThread: Отказано в доступе. (0x5)
[0301/183339.235:ERROR:process_reader_win.cc(151)] SuspendThread: Отказано в доступе. (0x5)
[0301/183339.235:ERROR:process_reader_win.cc(151)] SuspendThread: Отказано в доступе. (0x5)
[0301/183339.235:ERROR:process_reader_win.cc(123)] NtOpenThread: {Отказано в доступе} Процесс запросил доступ к объекту, но права на доступ не предоставлены. (0xc0000022)
[0301/183339.277:ERROR:exception_snapshot_win.cc(88)] thread ID 2980 not found in process
[0301/183339.277:WARNING:crash_report_exception_handler.cc(62)] ProcessSnapshotWin::Initialize failed
[0301/184817.251:ERROR:process_reader_win.cc(123)] NtOpenThread: {Отказано в доступе} Процесс запросил доступ к объекту, но права на доступ не предоставлены. (0xc0000022)
[0301/184817.252:ERROR:exception_snapshot_win.cc(88)] thread ID 7660 not found in process
[0301/184817.252:WARNING:crash_report_exception_handler.cc(62)] ProcessSnapshotWin::Initialize failed
[0301/185350.770:ERROR:process_reader_win.cc(151)] SuspendThread: Отказано в доступе. (0x5)
[0301/185350.772:ERROR:process_reader_win.cc(151)] SuspendThread: Отказано в доступе. (0x5)
[0301/185350.772:ERROR:process_reader_win.cc(123)] NtOpenThread: {Отказано в доступе} Процесс запросил доступ к объекту, но права на доступ не предоставлены. (0xc0000022)
[0301/185350.772:ERROR:exception_snapshot_win.cc(88)] thread ID 9512 not found in process
[0301/185350.772:WARNING:crash_report_exception_handler.cc(62)] ProcessSnapshotWin::Initialize failed
[0301/185916.696:ERROR:process_reader_win.cc(123)] NtOpenThread: {Отказано в доступе} Процесс запросил доступ к объекту, но права на доступ не предоставлены. (0xc0000022)
[0301/185916.698:ERROR:exception_snapshot_win.cc(88)] thread ID 13948 not found in process
[0301/185916.698:WARNING:crash_report_exception_handler.cc(62)] ProcessSnapshotWin::Initialize failed
[0310/133415.727:ERROR:process_reader_win.cc(151)] SuspendThread: Отказано в доступе. (0x5)
[0310/133415.748:ERROR:process_reader_win.cc(151)] SuspendThread: Отказано в доступе. (0x5)
[0310/133415.748:ERROR:process_reader_win.cc(151)] SuspendThread: Отказано в доступе. (0x5)
[0310/133415.748:ERROR:process_reader_win.cc(151)] SuspendThread: Отказано в доступе. (0x5)
[0310/133415.748:ERROR:process_reader_win.cc(151)] SuspendThread: Отказано в доступе. (0x5)
[0310/133415.748:ERROR:process_reader_win.cc(123)] NtOpenThread: {Отказано в доступе} Процесс запросил доступ к объекту, но права на доступ не предоставлены. (0xc0000022)
[0310/133415.765:ERROR:exception_snapshot_win.cc(88)] thread ID 3268 not found in process
[0310/133415.765:WARNING:crash_report_exception_handler.cc(62)] ProcessSnapshotWin::Initialize failed
[0310/133948.785:ERROR:process_reader_win.cc(151)] SuspendThread: Отказано в доступе. (0x5)
[0310/133948.786:ERROR:process_reader_win.cc(151)] SuspendThread: Отказано в доступе. (0x5)
[0310/133948.786:ERROR:process_reader_win.cc(151)] SuspendThread: Отказано в доступе. (0x5)
[0310/133948.786:ERROR:process_reader_win.cc(151)] SuspendThread: Отказано в доступе. (0x5)
[0310/133948.787:ERROR:process_reader_win.cc(151)] SuspendThread: Отказано в доступе. (0x5)
[0310/133948.787:ERROR:process_reader_win.cc(123)] NtOpenThread: {Отказано в доступе} Процесс запросил доступ к объекту, но права на доступ не предоставлены. (0xc0000022)
[0310/133948.787:ERROR:exception_snapshot_win.cc(88)] thread ID 920 not found in process
[0310/133948.787:WARNING:crash_report_exception_handler.cc(62)] ProcessSnapshotWin::Initialize failed
[0310/134348.383:ERROR:process_reader_win.cc(151)] SuspendThread: Отказано в доступе. (0x5)
[0310/134348.384:ERROR:process_reader_win.cc(151)] SuspendThread: Отказано в доступе. (0x5)
[0310/134348.384:ERROR:process_reader_win.cc(151)] SuspendThread: Отказано в доступе. (0x5)
[0310/134348.384:ERROR:process_reader_win.cc(151)] SuspendThread: Отказано в доступе. (0x5)
[0310/134348.384:ERROR:process_reader_win.cc(151)] SuspendThread: Отказано в доступе. (0x5)
[0310/134348.384:ERROR:process_reader_win.cc(151)] SuspendThread: Отказано в доступе. (0x5)
[0310/134348.384:ERROR:process_reader_win.cc(123)] NtOpenThread: {Отказано в доступе} Процесс запросил доступ к объекту, но права на доступ не предоставлены. (0xc0000022)
[0310/134348.384:ERROR:exception_snapshot_win.cc(88)] thread ID 9868 not found in process
[0310/134348.385:WARNING:crash_report_exception_handler.cc(62)] ProcessSnapshotWin::Initialize failed
[0310/134548.816:ERROR:process_reader_win.cc(151)] SuspendThread: Отказано в доступе. (0x5)
[0310/134548.817:ERROR:process_reader_win.cc(151)] SuspendThread: Отказано в доступе. (0x5)
[0310/134548.817:ERROR:process_reader_win.cc(151)] SuspendThread: Отказано в доступе. (0x5)
[0310/134548.817:ERROR:process_reader_win.cc(151)] SuspendThread: Отказано в доступе. (0x5)
[0310/134548.817:ERROR:process_reader_win.cc(151)] SuspendThread: Отказано в доступе. (0x5)
[0310/134548.817:ERROR:process_reader_win.cc(123)] NtOpenThread: {Отказано в доступе} Процесс запросил доступ к объекту, но права на доступ не предоставлены. (0xc0000022)
[0310/134548.817:ERROR:exception_snapshot_win.cc(88)] thread ID 4932 not found in process
[0310/134548.817:WARNING:crash_report_exception_handler.cc(62)] ProcessSnapshotWin::Initialize failed
[0310/134645.016:ERROR:process_reader_win.cc(151)] SuspendThread: Отказано в доступе. (0x5)
[0310/134645.017:ERROR:process_reader_win.cc(151)] SuspendThread: Отказано в доступе. (0x5)
[0310/134645.017:ERROR:process_reader_win.cc(151)] SuspendThread: Отказано в доступе. (0x5)
[0310/134645.017:ERROR:process_reader_win.cc(123)] NtOpenThread: {Отказано в доступе} Процесс запросил доступ к объекту, но права на доступ не предоставлены. (0xc0000022)
[0310/134645.017:ERROR:exception_snapshot_win.cc(88)] thread ID 1080 not found in process
[0310/134645.017:WARNING:crash_report_exception_handler.cc(62)] ProcessSnapshotWin::Initialize failed
[0310/134744.141:ERROR:process_reader_win.cc(151)] SuspendThread: Отказано в доступе. (0x5)
[0310/134744.143:ERROR:process_reader_win.cc(151)] SuspendThread: Отказано в доступе. (0x5)
[0310/134744.143:ERROR:process_reader_win.cc(151)] SuspendThread: Отказано в доступе. (0x5)
[0310/134744.143:ERROR:process_reader_win.cc(123)] NtOpenThread: {Отказано в доступе} Процесс запросил доступ к объекту, но права на доступ не предоставлены. (0xc0000022)
[0310/134744.143:ERROR:exception_snapshot_win.cc(88)] thread ID 13728 not found in process
[0310/134744.143:WARNING:crash_report_exception_handler.cc(62)] ProcessSnapshotWin::Initialize failed
[0310/134848.832:ERROR:process_reader_win.cc(151)] SuspendThread: Отказано в доступе. (0x5)
[0310/134848.833:ERROR:process_reader_win.cc(151)] SuspendThread: Отказано в доступе. (0x5)
[0310/134848.833:ERROR:process_reader_win.cc(151)] SuspendThread: Отказано в доступе. (0x5)
[0310/134848.833:ERROR:process_reader_win.cc(151)] SuspendThread: Отказано в доступе. (0x5)
[0310/134848.833:ERROR:process_reader_win.cc(151)] SuspendThread: Отказано в доступе. (0x5)
[0310/134848.833:ERROR:process_reader_win.cc(151)] SuspendThread: Отказано в доступе. (0x5)
[0310/134848.833:ERROR:process_reader_win.cc(123)] NtOpenThread: {Отказано в доступе} Процесс запросил доступ к объекту, но права на доступ не предоставлены. (0xc0000022)
[0310/134848.834:ERROR:exception_snapshot_win.cc(88)] thread ID 10468 not found in process
[0310/134848.834:WARNING:crash_report_exception_handler.cc(62)] ProcessSnapshotWin::Initialize failed
[0319/214339.554:ERROR:process_reader_win.cc(123)] NtOpenThread: {Отказано в доступе} Процесс запросил доступ к объекту, но права на доступ не предоставлены. (0xc0000022)
[0319/214339.609:ERROR:exception_snapshot_win.cc(88)] thread ID 16876 not found in process
[0319/214339.609:WARNING:crash_report_exception_handler.cc(62)] ProcessSnapshotWin::Initialize failed
[0319/220906.244:ERROR:process_reader_win.cc(151)] SuspendThread: Отказано в доступе. (0x5)
[0319/220906.292:ERROR:process_reader_win.cc(151)] SuspendThread: Отказано в доступе. (0x5)
[0319/220906.292:ERROR:process_reader_win.cc(151)] SuspendThread: Отказано в доступе. (0x5)
[0319/220906.292:ERROR:process_reader_win.cc(151)] SuspendThread: Отказано в доступе. (0x5)
[0319/220906.292:ERROR:process_reader_win.cc(151)] SuspendThread: Отказано в доступе. (0x5)
[0319/220906.292:ERROR:process_reader_win.cc(151)] SuspendThread: Отказано в доступе. (0x5)
[0319/220906.292:ERROR:process_reader_win.cc(123)] NtOpenThread: {Отказано в доступе} Процесс запросил доступ к объекту, но права на доступ не предоставлены. (0xc0000022)
[0319/220906.293:ERROR:exception_snapshot_win.cc(88)] thread ID 16688 not found in process
[0319/220906.293:WARNING:crash_report_exception_handler.cc(62)] ProcessSnapshotWin::Initialize failed
[0319/221238.065:ERROR:process_reader_win.cc(151)] SuspendThread: Отказано в доступе. (0x5)
[0319/221238.080:ERROR:process_reader_win.cc(151)] SuspendThread: Отказано в доступе. (0x5)
[0319/221238.081:ERROR:process_reader_win.cc(151)] SuspendThread: Отказано в доступе. (0x5)
[0319/221238.081:ERROR:process_reader_win.cc(151)] SuspendThread: Отказано в доступе. (0x5)
[0319/221238.081:ERROR:process_reader_win.cc(151)] SuspendThread: Отказано в доступе. (0x5)
[0319/221238.081:ERROR:process_reader_win.cc(151)] SuspendThread: Отказано в доступе. (0x5)
[0319/221238.081:ERROR:process_reader_win.cc(151)] SuspendThread: Отказано в доступе. (0x5)
[0319/221238.081:ERROR:process_reader_win.cc(151)] SuspendThread: Отказано в доступе. (0x5)
[0319/221238.081:ERROR:process_reader_win.cc(123)] NtOpenThread: {Отказано в доступе} Процесс запросил доступ к объекту, но права на доступ не предоставлены. (0xc0000022)
[0319/221238.081:ERROR:exception_snapshot_win.cc(88)] thread ID 3536 not found in process
[0319/221238.081:WARNING:crash_report_exception_handler.cc(62)] ProcessSnapshotWin::Initialize failed
[0327/125452.613:ERROR:process_reader_win.cc(123)] NtOpenThread: {Отказано в доступе} Процесс запросил доступ к объекту, но права на доступ не предоставлены. (0xc0000022)
[0327/125452.651:ERROR:exception_snapshot_win.cc(88)] thread ID 10376 not found in process
[0327/125452.651:WARNING:crash_report_exception_handler.cc(62)] ProcessSnapshotWin::Initialize failed
[0327/212305.106:ERROR:process_reader_win.cc(123)] NtOpenThread: {Отказано в доступе} Процесс запросил доступ к объекту, но права на доступ не предоставлены. (0xc0000022)
[0327/212305.176:ERROR:exception_snapshot_win.cc(88)] thread ID 2200 not found in process
[0327/212305.176:WARNING:crash_report_exception_handler.cc(62)] ProcessSnapshotWin::Initialize failed
[0327/214327.941:ERROR:process_reader_win.cc(123)] NtOpenThread: {Отказано в доступе} Процесс запросил доступ к объекту, но права на доступ не предоставлены. (0xc0000022)
[0327/214327.941:ERROR:exception_snapshot_win.cc(88)] thread ID 708 not found in process
[0327/214327.941:WARNING:crash_report_exception_handler.cc(62)] ProcessSnapshotWin::Initialize failed
[0327/221313.406:ERROR:process_reader_win.cc(123)] NtOpenThread: {Отказано в доступе} Процесс запросил доступ к объекту, но права на доступ не предоставлены. (0xc0000022)
[0327/221313.408:ERROR:exception_snapshot_win.cc(88)] thread ID 7844 not found in process
[0327/221313.408:WARNING:crash_report_exception_handler.cc(62)] ProcessSnapshotWin::Initialize failed
[0327/221315.102:ERROR:process_reader_win.cc(123)] NtOpenThread: {Отказано в доступе} Процесс запросил доступ к объекту, но права на доступ не предоставлены. (0xc0000022)
[0327/221315.103:ERROR:exception_snapshot_win.cc(88)] thread ID 1260 not found in process
[0327/221315.103:WARNING:crash_report_exception_handler.cc(62)] ProcessSnapshotWin::Initialize failed
[0327/221456.091:ERROR:process_reader_win.cc(123)] NtOpenThread: {Отказано в доступе} Процесс запросил доступ к объекту, но права на доступ не предоставлены. (0xc0000022)
[0327/221456.092:ERROR:exception_snapshot_win.cc(88)] thread ID 5336 not found in process
[0327/221456.092:WARNING:crash_report_exception_handler.cc(62)] ProcessSnapshotWin::Initialize failed
[0327/222032.156:ERROR:process_reader_win.cc(123)] NtOpenThread: {Отказано в доступе} Процесс запросил доступ к объекту, но права на доступ не предоставлены. (0xc0000022)
[0327/222032.157:ERROR:exception_snapshot_win.cc(88)] thread ID 10032 not found in process
[0327/222032.157:WARNING:crash_report_exception_handler.cc(62)] ProcessSnapshotWin::Initialize failed
[0327/235037.882:ERROR:process_reader_win.cc(123)] NtOpenThread: {Отказано в доступе} Процесс запросил доступ к объекту, но права на доступ не предоставлены. (0xc0000022)
[0327/235037.883:ERROR:exception_snapshot_win.cc(88)] thread ID 11520 not found in process
[0327/235037.883:WARNING:crash_report_exception_handler.cc(62)] ProcessSnapshotWin::Initialize failed
[0328/000815.322:ERROR:process_reader_win.cc(123)] NtOpenThread: {Отказано в доступе} Процесс запросил доступ к объекту, но права на доступ не предоставлены. (0xc0000022)
[0328/000815.323:ERROR:exception_snapshot_win.cc(88)] thread ID 11876 not found in process
[0328/000815.323:WARNING:crash_report_exception_handler.cc(62)] ProcessSnapshotWin::Initialize failed
[0328/002241.270:ERROR:process_reader_win.cc(123)] NtOpenThread: {Отказано в доступе} Процесс запросил доступ к объекту, но права на доступ не предоставлены. (0xc0000022)
[0328/002241.271:ERROR:exception_snapshot_win.cc(88)] thread ID 4852 not found in process
[0328/002241.271:WARNING:crash_report_exception_handler.cc(62)] ProcessSnapshotWin::Initialize failed
[0328/003949.293:ERROR:process_reader_win.cc(123)] NtOpenThread: {Отказано в доступе} Процесс запросил доступ к объекту, но права на доступ не предоставлены. (0xc0000022)
[0328/003949.294:ERROR:exception_snapshot_win.cc(88)] thread ID 1152 not found in process
[0328/003949.294:WARNING:crash_report_exception_handler.cc(62)] ProcessSnapshotWin::Initialize failed
[0328/004512.126:ERROR:process_reader_win.cc(123)] NtOpenThread: {Отказано в доступе} Процесс запросил доступ к объекту, но права на доступ не предоставлены. (0xc0000022)
[0328/004512.127:ERROR:exception_snapshot_win.cc(88)] thread ID 10664 not found in process
[0328/004512.127:WARNING:crash_report_exception_handler.cc(62)] ProcessSnapshotWin::Initialize failed
[0328/121235.904:ERROR:process_reader_win.cc(123)] NtOpenThread: {Отказано в доступе} Процесс запросил доступ к объекту, но права на доступ не предоставлены. (0xc0000022)
[0328/121236.411:ERROR:exception_snapshot_win.cc(88)] thread ID 8040 not found in process
[0328/121236.411:WARNING:crash_report_exception_handler.cc(62)] ProcessSnapshotWin::Initialize failed
[0328/125023.291:ERROR:process_reader_win.cc(123)] NtOpenThread: {Отказано в доступе} Процесс запросил доступ к объекту, но права на доступ не предоставлены. (0xc0000022)
[0328/125023.353:ERROR:exception_snapshot_win.cc(88)] thread ID 6284 not found in process
[0328/125023.354:WARNING:crash_report_exception_handler.cc(62)] ProcessSnapshotWin::Initialize failed
[0328/195539.436:ERROR:process_reader_win.cc(151)] SuspendThread: Отказано в доступе. (0x5)
[0328/195539.453:ERROR:process_reader_win.cc(151)] SuspendThread: Отказано в доступе. (0x5)
[0328/195539.453:ERROR:process_reader_win.cc(151)] SuspendThread: Отказано в доступе. (0x5)
[0328/195539.453:ERROR:process_reader_win.cc(151)] SuspendThread: Отказано в доступе. (0x5)
[0328/195539.453:ERROR:process_reader_win.cc(151)] SuspendThread: Отказано в доступе. (0x5)
[0328/195539.453:ERROR:process_reader_win.cc(151)] SuspendThread: Отказано в доступе. (0x5)
[0328/195539.453:ERROR:process_reader_win.cc(151)] SuspendThread: Отказано в доступе. (0x5)
[0328/195539.453:ERROR:process_reader_win.cc(123)] NtOpenThread: {Отказано в доступе} Процесс запросил доступ к объекту, но права на доступ не предоставлены. (0xc0000022)
[0328/195539.454:ERROR:exception_snapshot_win.cc(88)] thread ID 9080 not found in process
[0328/195539.454:WARNING:crash_report_exception_handler.cc(62)] ProcessSnapshotWin::Initialize failed
[0328/204456.583:ERROR:process_reader_win.cc(123)] NtOpenThread: {Отказано в доступе} Процесс запросил доступ к объекту, но права на доступ не предоставлены. (0xc0000022)
[0328/204456.584:ERROR:exception_snapshot_win.cc(88)] thread ID 5576 not found in process
[0328/204456.584:WARNING:crash_report_exception_handler.cc(62)] ProcessSnapshotWin::Initialize failed
[0328/210108.333:ERROR:process_reader_win.cc(123)] NtOpenThread: {Отказано в доступе} Процесс запросил доступ к объекту, но права на доступ не предоставлены. (0xc0000022)
[0328/210108.335:ERROR:exception_snapshot_win.cc(88)] thread ID 12516 not found in process
[0328/210108.335:WARNING:crash_report_exception_handler.cc(62)] ProcessSnapshotWin::Initialize failed
[0328/210935.869:ERROR:process_reader_win.cc(123)] NtOpenThread: {Отказано в доступе} Процесс запросил доступ к объекту, но права на доступ не предоставлены. (0xc0000022)
[0328/210935.871:ERROR:exception_snapshot_win.cc(88)] thread ID 2144 not found in process
[0328/210935.871:WARNING:crash_report_exception_handler.cc(62)] ProcessSnapshotWin::Initialize failed
[0328/220807.924:ERROR:process_reader_win.cc(123)] NtOpenThread: {Отказано в доступе} Процесс запросил доступ к объекту, но права на доступ не предоставлены. (0xc0000022)
[0328/220807.925:ERROR:exception_snapshot_win.cc(88)] thread ID 10448 not found in process
[0328/220807.925:WARNING:crash_report_exception_handler.cc(62)] ProcessSnapshotWin::Initialize failed
[0328/222045.381:ERROR:process_reader_win.cc(123)] NtOpenThread: {Отказано в доступе} Процесс запросил доступ к объекту, но права на доступ не предоставлены. (0xc0000022)
[0328/222045.382:ERROR:exception_snapshot_win.cc(88)] thread ID 10884 not found in process
[0328/222045.382:WARNING:crash_report_exception_handler.cc(62)] ProcessSnapshotWin::Initialize failed
[0328/230030.348:ERROR:process_reader_win.cc(123)] NtOpenThread: {Отказано в доступе} Процесс запросил доступ к объекту, но права на доступ не предоставлены. (0xc0000022)
[0328/230030.349:ERROR:exception_snapshot_win.cc(88)] thread ID 5948 not found in process
[0328/230030.349:WARNING:crash_report_exception_handler.cc(62)] ProcessSnapshotWin::Initialize failed
[0328/231336.882:ERROR:process_reader_win.cc(123)] NtOpenThread: {Отказано в доступе} Процесс запросил доступ к объекту, но права на доступ не предоставлены. (0xc0000022)
[0328/231336.883:ERROR:exception_snapshot_win.cc(88)] thread ID 7592 not found in process
[0328/231336.883:WARNING:crash_report_exception_handler.cc(62)] ProcessSnapshotWin::Initialize failed
